-------------------------------------------------------------------------------
Test set: clases.InventoryTest
-------------------------------------------------------------------------------
Tests run: 7, Failures: 1, Errors: 0, Skipped: 0, Time elapsed: 0.049 s <<< FAILURE! - in clases.InventoryTest
testRevisarMediumValue  Time elapsed: 0.006 s  <<< FAILURE!
org.opentest4j.AssertionFailedError: expected: <4> but was: <5>
	at clases.InventoryTest.testRevisarMediumValue(InventoryTest.java:88)

