<?xml version="1.0" encoding="UTF-8"?>
<testsuite xmlns:xsi="http://www.w3.org/2001/XMLSchema-instance" xsi:noNamespaceSchemaLocation="https://maven.apache.org/surefire/maven-surefire-plugin/xsd/surefire-test-report.xsd" name="clases.InventoryTest" time="0.059" tests="7" errors="0" skipped="0" failures="0">
  <properties>
[...]
</properties>
  <testcase name="testRevisarLowerLimit" classname="clases.InventoryTest" time="0.03"/>
  <testcase name="testRevisarMediumValue" classname="clases.InventoryTest" time="0.001"/>
  <testcase name="testRevisarUpperLimit" classname="clases.InventoryTest" time="0.001"/>
  <testcase name="testAvailableMealMediumValue" classname="clases.InventoryTest" time="0.001"/>
  <testcase name="testAvailableMealLowerLimit" classname="clases.InventoryTest" time="0.002"/>
  <testcase name="testAvailableMealOverLimit" classname="clases.InventoryTest" time="0.002"/>
  <testcase name="testAvailableMealUpperLimit" classname="clases.InventoryTest" time="0.001"/>
</testsuite>