<?xml version="1.0" encoding="UTF-8"?>
<testsuite xmlns:xsi="http://www.w3.org/2001/XMLSchema-instance" xsi:noNamespaceSchemaLocation="https://maven.apache.org/surefire/maven-surefire-plugin/xsd/surefire-test-report.xsd" name="clases.InventoryTest" time="0.064" tests="7" errors="0" skipped="0" failures="3">
  <properties>
[...]
</properties>
  <testcase name="testRevisarLowerLimit" classname="clases.InventoryTest" time="0.028">
    <failure message="expected: &lt;9&gt; but was: &lt;10&gt;" type="org.opentest4j.AssertionFailedError"><![CDATA[org.opentest4j.AssertionFailedError: expected: <9> but was: <10>
	at clases.InventoryTest.testRevisarLowerLimit(InventoryTest.java:54)
]]></failure>
  </testcase>
  <testcase name="testRevisarMediumValue" classname="clases.InventoryTest" time="0.001">
    <failure message="expected: &lt;4&gt; but was: &lt;10&gt;" type="org.opentest4j.AssertionFailedError"><![CDATA[org.opentest4j.AssertionFailedError: expected: <4> but was: <10>
	at clases.InventoryTest.testRevisarMediumValue(InventoryTest.java:88)
]]></failure>
  </testcase>
  <testcase name="testRevisarUpperLimit" classname="clases.InventoryTest" time="0">
    <failure message="expected: &lt;0&gt; but was: &lt;10&gt;" type="org.opentest4j.AssertionFailedError"><![CDATA[org.opentest4j.AssertionFailedError: expected: <0> but was: <10>
	at clases.InventoryTest.testRevisarUpperLimit(InventoryTest.java:71)
]]></failure>
  </testcase>
  <testcase name="testAvailableMealMediumValue" classname="clases.InventoryTest" time="0"/>
  <testcase name="testAvailableMealLowerLimit" classname="clases.InventoryTest" time="0"/>
  <testcase name="testAvailableMealOverLimit" classname="clases.InventoryTest" time="0"/>
  <testcase name="testAvailableMealUpperLimit" classname="clases.InventoryTest" time="0"/>
</testsuite>